0 info it worked if it ends with ok
1 verbose cli [ '/usr/bin/node', '/usr/bin/npm', 'install', 'socket.io', '-g' ]
2 info using npm@1.4.28
3 info using node@v0.10.40
4 verbose node symlink /usr/bin/node
5 verbose cache add [ 'socket.io', null ]
6 verbose cache add name=undefined spec="socket.io" args=["socket.io",null]
7 verbose parsed url { protocol: null,
7 verbose parsed url   slashes: null,
7 verbose parsed url   auth: null,
7 verbose parsed url   host: null,
7 verbose parsed url   port: null,
7 verbose parsed url   hostname: null,
7 verbose parsed url   hash: null,
7 verbose parsed url   search: null,
7 verbose parsed url   query: null,
7 verbose parsed url   pathname: 'socket.io',
7 verbose parsed url   path: 'socket.io',
7 verbose parsed url   href: 'socket.io' }
8 silly lockFile 71475bfd-socket-io socket.io
9 verbose lock socket.io /home/nc/.npm/71475bfd-socket-io.lock
10 silly lockFile 71475bfd-socket-io socket.io
11 silly lockFile 71475bfd-socket-io socket.io
12 verbose addNamed [ 'socket.io', '' ]
13 verbose addNamed [ null, '*' ]
14 silly lockFile c03de861-socket-io socket.io@
15 verbose lock socket.io@ /home/nc/.npm/c03de861-socket-io.lock
16 silly addNameRange { name: 'socket.io', range: '*', hasData: false }
17 verbose request where is /socket.io
18 verbose request registry https://registry.npmjs.org/
19 verbose request id 6bde2088c23fa04d
20 verbose url raw /socket.io
21 verbose url resolving [ 'https://registry.npmjs.org/', './socket.io' ]
22 verbose url resolved https://registry.npmjs.org/socket.io
23 verbose request where is https://registry.npmjs.org/socket.io
24 info trying registry request attempt 1 at 23:37:09
25 http GET https://registry.npmjs.org/socket.io
26 http 200 https://registry.npmjs.org/socket.io
27 silly registry.get cb [ 200,
27 silly registry.get   { server: 'CouchDB/1.5.0 (Erlang OTP/R16B03)',
27 silly registry.get     etag: '"ADJCNAU80D2NQI8F47H58PT7"',
27 silly registry.get     'content-type': 'application/json',
27 silly registry.get     'cache-control': 'max-age=60',
27 silly registry.get     'content-length': '115721',
27 silly registry.get     'accept-ranges': 'bytes',
27 silly registry.get     date: 'Fri, 27 Nov 2015 18:07:23 GMT',
27 silly registry.get     via: '1.1 varnish',
27 silly registry.get     age: '0',
27 silly registry.get     connection: 'keep-alive',
27 silly registry.get     'x-served-by': 'cache-sin6920-SIN',
27 silly registry.get     'x-cache': 'HIT',
27 silly registry.get     'x-cache-hits': '1',
27 silly registry.get     'x-timer': 'S1448647643.660407,VS0,VE192',
27 silly registry.get     vary: 'Accept' } ]
28 silly addNameRange number 2 { name: 'socket.io', range: '*', hasData: true }
29 silly addNameRange versions [ 'socket.io',
29 silly addNameRange   [ '0.3.8',
29 silly addNameRange     '0.4.0',
29 silly addNameRange     '0.4.1',
29 silly addNameRange     '0.5.1',
29 silly addNameRange     '0.5.3',
29 silly addNameRange     '0.6.0',
29 silly addNameRange     '0.6.1',
29 silly addNameRange     '0.6.3',
29 silly addNameRange     '0.6.4',
29 silly addNameRange     '0.6.5',
29 silly addNameRange     '0.6.6',
29 silly addNameRange     '0.6.7',
29 silly addNameRange     '0.6.8',
29 silly addNameRange     '0.6.9',
29 silly addNameRange     '0.6.10',
29 silly addNameRange     '0.6.11',
29 silly addNameRange     '0.6.12',
29 silly addNameRange     '0.6.14',
29 silly addNameRange     '0.6.15',
29 silly addNameRange     '0.6.16',
29 silly addNameRange     '0.6.17',
29 silly addNameRange     '0.6.18',
29 silly addNameRange     '0.7.0',
29 silly addNameRange     '0.7.1',
29 silly addNameRange     '0.7.2',
29 silly addNameRange     '0.7.3',
29 silly addNameRange     '0.7.4',
29 silly addNameRange     '0.7.5',
29 silly addNameRange     '0.7.6',
29 silly addNameRange     '0.7.7',
29 silly addNameRange     '0.7.8',
29 silly addNameRange     '0.7.9',
29 silly addNameRange     '0.7.10',
29 silly addNameRange     '0.7.11',
29 silly addNameRange     '0.8.0',
29 silly addNameRange     '0.8.1',
29 silly addNameRange     '0.8.2',
29 silly addNameRange     '0.8.3',
29 silly addNameRange     '0.8.4',
29 silly addNameRange     '0.8.5',
29 silly addNameRange     '0.8.6',
29 silly addNameRange     '0.8.7',
29 silly addNameRange     '0.9.0',
29 silly addNameRange     '0.9.1',
29 silly addNameRange     '0.9.1-1',
29 silly addNameRange     '0.9.2',
29 silly addNameRange     '0.9.3',
29 silly addNameRange     '0.9.4',
29 silly addNameRange     '0.9.5',
29 silly addNameRange     '0.9.6',
29 silly addNameRange     '0.9.7',
29 silly addNameRange     '0.9.8',
29 silly addNameRange     '0.9.9',
29 silly addNameRange     '0.9.10',
29 silly addNameRange     '0.9.11',
29 silly addNameRange     '0.9.12',
29 silly addNameRange     '0.9.13',
29 silly addNameRange     '0.9.14',
29 silly addNameRange     '0.9.15',
29 silly addNameRange     '0.9.16',
29 silly addNameRange     '1.0.0-pre',
29 silly addNameRange     '1.0.0-pre2',
29 silly addNameRange     '1.0.0-pre3',
29 silly addNameRange     '1.0.0-pre4',
29 silly addNameRange     '1.0.0-pre5',
29 silly addNameRange     '0.9.17',
29 silly addNameRange     '1.0.0',
29 silly addNameRange     '1.0.1',
29 silly addNameRange     '1.0.2',
29 silly addNameRange     '1.0.3',
29 silly addNameRange     '1.0.4',
29 silly addNameRange     '1.0.5',
29 silly addNameRange     '1.0.6',
29 silly addNameRange     '1.1.0',
29 silly addNameRange     '1.2.0',
29 silly addNameRange     '1.2.1',
29 silly addNameRange     '1.3.0',
29 silly addNameRange     '1.3.1',
29 silly addNameRange     '1.3.2',
29 silly addNameRange     '1.3.3',
29 silly addNameRange     '1.3.4',
29 silly addNameRange     '1.3.5',
29 silly addNameRange     '1.3.6',
29 silly addNameRange     '1.3.7' ] ]
30 verbose addNamed [ 'socket.io', '1.3.7' ]
31 verbose addNamed [ '1.3.7', '1.3.7' ]
32 silly lockFile 7ac77301-socket-io-1-3-7 socket.io@1.3.7
33 verbose lock socket.io@1.3.7 /home/nc/.npm/7ac77301-socket-io-1-3-7.lock
34 silly lockFile 4bd16709-rg-socket-io-socket-io-1-3-7-tgz https://registry.npmjs.org/socket.io/-/socket.io-1.3.7.tgz
35 verbose lock https://registry.npmjs.org/socket.io/-/socket.io-1.3.7.tgz /home/nc/.npm/4bd16709-rg-socket-io-socket-io-1-3-7-tgz.lock
36 verbose addRemoteTarball [ 'https://registry.npmjs.org/socket.io/-/socket.io-1.3.7.tgz',
36 verbose addRemoteTarball   '93747a29bcab6266f0fbe19112cca5e1388cf7ad' ]
37 info retry fetch attempt 1 at 23:37:11
38 verbose fetch to= /tmp/npm-5080-eJBHkdEz/registry.npmjs.org/socket.io/-/socket.io-1.3.7.tgz
39 http GET https://registry.npmjs.org/socket.io/-/socket.io-1.3.7.tgz
40 http 200 https://registry.npmjs.org/socket.io/-/socket.io-1.3.7.tgz
41 silly lockFile 4bd16709-rg-socket-io-socket-io-1-3-7-tgz https://registry.npmjs.org/socket.io/-/socket.io-1.3.7.tgz
42 silly lockFile 4bd16709-rg-socket-io-socket-io-1-3-7-tgz https://registry.npmjs.org/socket.io/-/socket.io-1.3.7.tgz
43 silly lockFile 7ac77301-socket-io-1-3-7 socket.io@1.3.7
44 silly lockFile 7ac77301-socket-io-1-3-7 socket.io@1.3.7
45 silly lockFile c03de861-socket-io socket.io@
46 silly lockFile c03de861-socket-io socket.io@
47 silly resolved [ { name: 'socket.io',
47 silly resolved     version: '1.3.7',
47 silly resolved     description: 'node.js realtime framework server',
47 silly resolved     keywords:
47 silly resolved      [ 'realtime',
47 silly resolved        'framework',
47 silly resolved        'websocket',
47 silly resolved        'tcp',
47 silly resolved        'events',
47 silly resolved        'socket',
47 silly resolved        'io' ],
47 silly resolved     repository:
47 silly resolved      { type: 'git',
47 silly resolved        url: 'git://github.com/Automattic/socket.io.git' },
47 silly resolved     scripts: { test: 'mocha --reporter dot --slow 200ms --bail' },
47 silly resolved     dependencies:
47 silly resolved      { 'engine.io': '1.5.4',
47 silly resolved        'socket.io-parser': '2.2.4',
47 silly resolved        'socket.io-client': '1.3.7',
47 silly resolved        'socket.io-adapter': '0.3.1',
47 silly resolved        'has-binary-data': '0.1.3',
47 silly resolved        debug: '2.1.0' },
47 silly resolved     devDependencies:
47 silly resolved      { mocha: '1.16.2',
47 silly resolved        'expect.js': '0.3.1',
47 silly resolved        supertest: '0.8.2',
47 silly resolved        superagent: '0.17.0',
47 silly resolved        istanbul: '0.2.3' },
47 silly resolved     contributors: [ [Object], [Object], [Object], [Object] ],
47 silly resolved     gitHead: 'e2ebd4349bf27c3839fc9a2700b42cf8390ac3bd',
47 silly resolved     bugs: { url: 'https://github.com/Automattic/socket.io/issues' },
47 silly resolved     homepage: 'https://github.com/Automattic/socket.io#readme',
47 silly resolved     _id: 'socket.io@1.3.7',
47 silly resolved     _shasum: '93747a29bcab6266f0fbe19112cca5e1388cf7ad',
47 silly resolved     _from: 'socket.io@',
47 silly resolved     _npmVersion: '2.14.2',
47 silly resolved     _nodeVersion: '4.0.0',
47 silly resolved     _npmUser: { name: 'rauchg', email: 'rauchg@gmail.com' },
47 silly resolved     maintainers: [ [Object] ],
47 silly resolved     dist:
47 silly resolved      { shasum: '93747a29bcab6266f0fbe19112cca5e1388cf7ad',
47 silly resolved        tarball: 'http://registry.npmjs.org/socket.io/-/socket.io-1.3.7.tgz' },
47 silly resolved     directories: {},
47 silly resolved     _resolved: 'https://registry.npmjs.org/socket.io/-/socket.io-1.3.7.tgz' } ]
48 info install socket.io@1.3.7 into /usr/lib
49 info installOne socket.io@1.3.7
50 verbose lib/node_modules/socket.io unbuild
51 verbose tar unpack /home/nc/.npm/socket.io/1.3.7/package.tgz
52 silly lockFile f74c53eb-r-usr-lib-node-modules-socket-io tar:///usr/lib/node_modules/socket.io
53 verbose lock tar:///usr/lib/node_modules/socket.io /home/nc/.npm/f74c53eb-r-usr-lib-node-modules-socket-io.lock
54 silly lockFile c1ad4e5d--npm-socket-io-1-3-7-package-tgz tar:///home/nc/.npm/socket.io/1.3.7/package.tgz
55 verbose lock tar:///home/nc/.npm/socket.io/1.3.7/package.tgz /home/nc/.npm/c1ad4e5d--npm-socket-io-1-3-7-package-tgz.lock
56 silly gunzTarPerm modes [ '775', '664' ]
57 error Error: EACCES, mkdir '/usr/lib/node_modules/socket.io'
57 error  { [Error: EACCES, mkdir '/usr/lib/node_modules/socket.io']
57 error   errno: 3,
57 error   code: 'EACCES',
57 error   path: '/usr/lib/node_modules/socket.io',
57 error   fstream_type: 'Directory',
57 error   fstream_path: '/usr/lib/node_modules/socket.io',
57 error   fstream_class: 'DirWriter',
57 error   fstream_stack:
57 error    [ '/usr/lib/node_modules/npm/node_modules/fstream/lib/dir-writer.js:36:23',
57 error      '/usr/lib/node_modules/npm/node_modules/mkdirp/index.js:46:53',
57 error      'Object.oncomplete (fs.js:108:15)' ] }
58 error Please try running this command again as root/Administrator.
59 error System Linux 3.13.0-52-generic
60 error command "/usr/bin/node" "/usr/bin/npm" "install" "socket.io" "-g"
61 error cwd /home/nc/Downloads/mozilla-festival-master
62 error node -v v0.10.40
63 error npm -v 1.4.28
64 error path /usr/lib/node_modules/socket.io
65 error fstream_path /usr/lib/node_modules/socket.io
66 error fstream_type Directory
67 error fstream_class DirWriter
68 error code EACCES
69 error errno 3
70 error stack Error: EACCES, mkdir '/usr/lib/node_modules/socket.io'
71 error fstream_stack /usr/lib/node_modules/npm/node_modules/fstream/lib/dir-writer.js:36:23
71 error fstream_stack /usr/lib/node_modules/npm/node_modules/mkdirp/index.js:46:53
71 error fstream_stack Object.oncomplete (fs.js:108:15)
72 verbose exit [ 3, true ]
